<?xml version="1.0" encoding="UTF-8"?>
<!-- Generated by org.testng.reporters.JUnitReportReporter -->
<testsuite skipped="0" hostname="DAAS-SAPTS-V007" name="Mathi.Test.BrokenlinksTest" tests="1" failures="0" timestamp="06 Feb 2018 12:11:33 GMT" time="19.244" errors="0">
  <testcase name="linksTest" time="19.244" classname="Mathi.Test.BrokenlinksTest"/>
</testsuite> <!-- Mathi.Test.BrokenlinksTest -->
