<?xml version="1.0" encoding="UTF-8"?>
<!-- Generated by org.testng.reporters.JUnitReportReporter -->
<testsuite skipped="0" hostname="DAAS-SAPTS-V007" name="Mathi.Test.RequestaccessvalidationTest" tests="1" failures="0" timestamp="04 Feb 2018 15:05:50 GMT" time="16.349" errors="0">
  <testcase name="RequestAccessTest" time="16.349" classname="Mathi.Test.RequestaccessvalidationTest"/>
</testsuite> <!-- Mathi.Test.RequestaccessvalidationTest -->
