<?xml version="1.0" encoding="UTF-8"?>
<!-- Generated by org.testng.reporters.JUnitReportReporter -->
<testsuite skipped="0" hostname="DAAS-SAPTS-V007" name="Mathi.Test.Loginvalidation" tests="4" failures="0" timestamp="08 Feb 2018 11:01:33 GMT" time="42.509" errors="0">
  <testcase name="LoginvalidationTest" time="5.736" classname="Mathi.Test.Loginvalidation"/>
  <testcase name="LoginvalidationTest" time="13.659" classname="Mathi.Test.Loginvalidation"/>
  <testcase name="LoginvalidationTest" time="16.824" classname="Mathi.Test.Loginvalidation"/>
  <testcase name="LoginvalidationTest" time="6.290" classname="Mathi.Test.Loginvalidation"/>
</testsuite> <!-- Mathi.Test.Loginvalidation -->
