<?xml version="1.0" encoding="UTF-8"?>
<!-- Generated by org.testng.reporters.JUnitReportReporter -->
<testsuite skipped="0" hostname="DAAS-SAPTS-V007" name="Mathi.Test.RequestaccessvalidationTest" tests="1" failures="0" timestamp="07 Feb 2018 04:31:37 GMT" time="18.589" errors="0">
  <testcase name="RequestAccessTest" time="18.589" classname="Mathi.Test.RequestaccessvalidationTest"/>
</testsuite> <!-- Mathi.Test.RequestaccessvalidationTest -->
