<?xml version="1.0" encoding="UTF-8"?>
<!-- Generated by org.testng.reporters.JUnitReportReporter -->
<testsuite skipped="0" hostname="DAAS-SAPTS-V007" name="Mathi.Test.Loginvalidation" tests="4" failures="0" timestamp="05 Feb 2018 11:23:44 GMT" time="27.366" errors="0">
  <testcase name="LoginvalidationTest" time="4.553" classname="Mathi.Test.Loginvalidation"/>
  <testcase name="LoginvalidationTest" time="8.296" classname="Mathi.Test.Loginvalidation"/>
  <testcase name="LoginvalidationTest" time="4.694" classname="Mathi.Test.Loginvalidation"/>
  <testcase name="LoginvalidationTest" time="9.823" classname="Mathi.Test.Loginvalidation"/>
</testsuite> <!-- Mathi.Test.Loginvalidation -->
