<?xml version="1.0" encoding="UTF-8"?>
<!-- Generated by org.testng.reporters.JUnitReportReporter -->
<testsuite skipped="0" hostname="DAAS-SAPTS-V007" name="Mathi.Test.RequestaccessvalidationTest" tests="1" failures="0" timestamp="07 Feb 2018 14:22:42 GMT" time="19.232" errors="0">
  <testcase name="RequestAccessTest" time="19.232" classname="Mathi.Test.RequestaccessvalidationTest"/>
</testsuite> <!-- Mathi.Test.RequestaccessvalidationTest -->
