<?xml version="1.0" encoding="UTF-8"?>
<!-- Generated by org.testng.reporters.JUnitReportReporter -->
<testsuite skipped="0" hostname="DAAS-SAPTS-V007" name="Mathi.Test.RequestaccessvalidationTest" tests="1" failures="0" timestamp="05 Feb 2018 11:23:44 GMT" time="17.201" errors="0">
  <testcase name="RequestAccessTest" time="17.201" classname="Mathi.Test.RequestaccessvalidationTest"/>
</testsuite> <!-- Mathi.Test.RequestaccessvalidationTest -->
