<?xml version="1.0" encoding="UTF-8"?>
<!-- Generated by org.testng.reporters.JUnitReportReporter -->
<testsuite skipped="0" hostname="DAAS-SAPTS-V007" name="Mathi.Test.RequestAccess" tests="1" failures="0" timestamp="01 Feb 2018 11:33:35 GMT" time="14.784" errors="0">
  <testcase name="RequestAccessTest" time="14.784" classname="Mathi.Test.RequestAccess"/>
</testsuite> <!-- Mathi.Test.RequestAccess -->
