<?xml version="1.0" encoding="UTF-8"?>
<!-- Generated by org.testng.reporters.JUnitReportReporter -->
<testsuite skipped="0" hostname="DAAS-SAPTS-V007" name="Mathi.Test.Loginvalidation" tests="4" failures="0" timestamp="04 Feb 2018 15:25:48 GMT" time="26.267" errors="0">
  <testcase name="LoginvalidationTest" time="4.643" classname="Mathi.Test.Loginvalidation"/>
  <testcase name="LoginvalidationTest" time="4.694" classname="Mathi.Test.Loginvalidation"/>
  <testcase name="LoginvalidationTest" time="7.836" classname="Mathi.Test.Loginvalidation"/>
  <testcase name="LoginvalidationTest" time="9.094" classname="Mathi.Test.Loginvalidation"/>
</testsuite> <!-- Mathi.Test.Loginvalidation -->
