<?xml version="1.0" encoding="UTF-8"?>
<!-- Generated by org.testng.reporters.JUnitReportReporter -->
<testsuite skipped="0" hostname="DAAS-SAPTS-V007" name="Mathi.Test.RequestAccessTest" tests="1" failures="0" timestamp="09 Feb 2018 08:22:58 GMT" time="36.125" errors="0">
  <testcase name="RequestAccessTest" time="36.125" classname="Mathi.Test.RequestAccessTest"/>
</testsuite> <!-- Mathi.Test.RequestAccessTest -->
