<?xml version="1.0" encoding="UTF-8"?>
<!-- Generated by org.testng.reporters.JUnitReportReporter -->
<testsuite skipped="0" hostname="DAAS-SAPTS-V007" name="Mathi.Test.Professionalheaderandfootertestafterlogin" tests="15" failures="0" timestamp="21 Feb 2018 12:35:03 GMT" time="20.270" errors="0">
  <testcase name="Launchbrowser" time="5.242" classname="Mathi.Test.Professionalheaderandfootertestafterlogin"/>
  <testcase name="LoginTest" time="11.764" classname="Mathi.Test.Professionalheaderandfootertestafterlogin"/>
  <testcase name="logoTest" time="0.053" classname="Mathi.Test.Professionalheaderandfootertestafterlogin"/>
  <testcase name="ReqacceesslinkTest" time="0.048" classname="Mathi.Test.Professionalheaderandfootertestafterlogin"/>
  <testcase name="LoginlinkTest" time="0.133" classname="Mathi.Test.Professionalheaderandfootertestafterlogin"/>
  <testcase name="HCPlinkTest" time="0.074" classname="Mathi.Test.Professionalheaderandfootertestafterlogin"/>
  <testcase name="EducationTrainingTest" time="0.068" classname="Mathi.Test.Professionalheaderandfootertestafterlogin"/>
  <testcase name="ReimpursementandpracticeTest" time="0.084" classname="Mathi.Test.Professionalheaderandfootertestafterlogin"/>
  <testcase name="FootertextTest" time="0.056" classname="Mathi.Test.Professionalheaderandfootertestafterlogin"/>
  <testcase name="medtroniclinkTest" time="0.078" classname="Mathi.Test.Professionalheaderandfootertestafterlogin"/>
  <testcase name="privacylinkTest" time="0.071" classname="Mathi.Test.Professionalheaderandfootertestafterlogin"/>
  <testcase name="termsofuselinkTest" time="0.070" classname="Mathi.Test.Professionalheaderandfootertestafterlogin"/>
  <testcase name="CustomersupportLinkTest" time="0.075" classname="Mathi.Test.Professionalheaderandfootertestafterlogin"/>
  <testcase name="ContactuslinkTest" time="0.073" classname="Mathi.Test.Professionalheaderandfootertestafterlogin"/>
  <testcase name="Closebrowser" time="2.381" classname="Mathi.Test.Professionalheaderandfootertestafterlogin"/>
</testsuite> <!-- Mathi.Test.Professionalheaderandfootertestafterlogin -->
