<?xml version="1.0" encoding="UTF-8"?>
<!-- Generated by org.testng.reporters.JUnitReportReporter -->
<testsuite skipped="0" hostname="DAAS-SAPTS-V007" name="Mathi.Test.professionalheaderfooter" tests="13" failures="0" timestamp="21 Feb 2018 11:58:17 GMT" time="5.850" errors="0">
  <testcase name="Launchbrowser" time="5.038" classname="Mathi.Test.professionalheaderfooter"/>
  <testcase name="logoTest" time="0.086" classname="Mathi.Test.professionalheaderfooter"/>
  <testcase name="ReqacceesslinkTest" time="0.044" classname="Mathi.Test.professionalheaderfooter"/>
  <testcase name="LoginlinkTest" time="0.070" classname="Mathi.Test.professionalheaderfooter"/>
  <testcase name="HCPlinkTest" time="0.078" classname="Mathi.Test.professionalheaderfooter"/>
  <testcase name="EducationTrainingTest" time="0.068" classname="Mathi.Test.professionalheaderfooter"/>
  <testcase name="ReimpursementandpracticeTest" time="0.063" classname="Mathi.Test.professionalheaderfooter"/>
  <testcase name="FootertextTest" time="0.055" classname="Mathi.Test.professionalheaderfooter"/>
  <testcase name="medtroniclinkTest" time="0.069" classname="Mathi.Test.professionalheaderfooter"/>
  <testcase name="privacylinkTest" time="0.064" classname="Mathi.Test.professionalheaderfooter"/>
  <testcase name="termsofuselinkTest" time="0.073" classname="Mathi.Test.professionalheaderfooter"/>
  <testcase name="CustomersupportLinkTest" time="0.070" classname="Mathi.Test.professionalheaderfooter"/>
  <testcase name="ContactuslinkTest" time="0.072" classname="Mathi.Test.professionalheaderfooter"/>
</testsuite> <!-- Mathi.Test.professionalheaderfooter -->
