<?xml version="1.0" encoding="UTF-8"?>
<!-- Generated by org.testng.reporters.JUnitReportReporter -->
<testsuite skipped="0" hostname="DAAS-SAPTS-V007" name="Mathi.Test.professionalheaderfooter" tests="14" failures="0" timestamp="09 Mar 2018 05:08:04 GMT" time="14.042" errors="0">
  <testcase name="Launchbrowser" time="8.862" classname="Mathi.Test.professionalheaderfooter"/>
  <testcase name="logoTest" time="0.192" classname="Mathi.Test.professionalheaderfooter"/>
  <testcase name="ReqacceesslinkTest" time="0.155" classname="Mathi.Test.professionalheaderfooter"/>
  <testcase name="LoginlinkTest" time="0.214" classname="Mathi.Test.professionalheaderfooter"/>
  <testcase name="HCPlinkTest" time="0.238" classname="Mathi.Test.professionalheaderfooter"/>
  <testcase name="EducationTrainingTest" time="0.255" classname="Mathi.Test.professionalheaderfooter"/>
  <testcase name="ReimpursementandpracticeTest" time="0.220" classname="Mathi.Test.professionalheaderfooter"/>
  <testcase name="FootertextTest" time="0.192" classname="Mathi.Test.professionalheaderfooter"/>
  <testcase name="medtroniclinkTest" time="0.240" classname="Mathi.Test.professionalheaderfooter"/>
  <testcase name="privacylinkTest" time="0.234" classname="Mathi.Test.professionalheaderfooter"/>
  <testcase name="termsofuselinkTest" time="0.236" classname="Mathi.Test.professionalheaderfooter"/>
  <testcase name="CustomersupportLinkTest" time="0.225" classname="Mathi.Test.professionalheaderfooter"/>
  <testcase name="ContactuslinkTest" time="0.266" classname="Mathi.Test.professionalheaderfooter"/>
  <testcase name="Closebrowser" time="2.513" classname="Mathi.Test.professionalheaderfooter"/>
</testsuite> <!-- Mathi.Test.professionalheaderfooter -->
