<?xml version="1.0" encoding="UTF-8"?>
<!-- Generated by org.testng.reporters.JUnitReportReporter -->
<testsuite skipped="0" hostname="DAAS-SAPTS-V007" name="Mathi.Test.RequestAccessTest" tests="1" failures="0" timestamp="07 Feb 2018 04:27:36 GMT" time="32.923" errors="0">
  <testcase name="RequestAccessTest" time="32.923" classname="Mathi.Test.RequestAccessTest"/>
</testsuite> <!-- Mathi.Test.RequestAccessTest -->
