<?xml version="1.0" encoding="UTF-8"?>
<!-- Generated by org.testng.reporters.JUnitReportReporter -->
<testsuite skipped="0" hostname="DAAS-SAPTS-V007" name="Mathi.Test.ReqguestaccessvalidationTest" tests="1" failures="0" timestamp="02 Feb 2018 12:37:21 GMT" time="6.278" errors="0">
  <testcase name="RequestAccessTest" time="6.278" classname="Mathi.Test.ReqguestaccessvalidationTest"/>
</testsuite> <!-- Mathi.Test.ReqguestaccessvalidationTest -->
