<?xml version="1.0" encoding="UTF-8"?>
<!-- Generated by org.testng.reporters.JUnitReportReporter -->
<testsuite skipped="0" hostname="DAAS-SAPTS-V007" name="Mathi.Test.SeleniumQC" tests="3" failures="0" timestamp="14 Feb 2018 07:47:05 GMT" time="30.231" errors="0">
  <testcase name="Launchbrowser" time="8.506" classname="Mathi.Test.SeleniumQC"/>
  <testcase name="RequestAccessTest" time="19.176" classname="Mathi.Test.SeleniumQC"/>
  <testcase name="Closebrowser" time="2.549" classname="Mathi.Test.SeleniumQC"/>
</testsuite> <!-- Mathi.Test.SeleniumQC -->
